16:07:31 INFO  : Processing command line option -hwspec C:/Users/cag01/Documents/mdh/vhdl/gimme2a/sdk_2014.4/top.hdf.
16:07:38 INFO  : Launching XSDB server: xsdb.bat -s C:/Xilinx/SDK/2014.4/scripts/xsdb/xsdb/xsdb-server.tcl 2450
16:07:40 INFO  : Restoring global repository preferences: 
		 C:\Xilinx\SDK\2014.4\repo\device-tree-xlnx-master
16:18:51 INFO  : 'device_tree' is a board support package for an OS for which applications cannot be developed within SDK.
16:18:51 INFO  : You can configure and build project 'device_tree_bsp_0' within SDK at will, but have to export it into the appropriate third party environment to develop applications.
16:18:56 WARN  :  ps7_ethernet_0: No reset found
 ps7_usb_1: No reset found
16:18:56 INFO  : BSP Project P/device_tree_bsp_0 has been successfully migrated.
16:19:51 WARN  :  ps7_ethernet_0: No reset found
 ps7_usb_1: No reset found
16:22:47 INFO  : FPGA configured successfully with bitstream "C:/Users/cag01/Documents/mdh/vhdl/gimme2a/sdk_2014.4/top_hw_platform_0/top.bit"
16:50:35 INFO  : FPGA Cable Disconnected. All active launches will be terminated.
16:53:25 INFO  : FPGA configured successfully with bitstream "C:/Users/cag01/Documents/mdh/vhdl/gimme2a/sdk_2014.4/top_hw_platform_0/top.bit"
17:07:56 INFO  : FPGA Cable Disconnected. All active launches will be terminated.
17:22:11 INFO  : Invoking Bootgen: bootgen -image output.bif -o C:\Users\cag01\Documents\mdh\vhdl\gimme2a\sdk_2014.4\boot_files\BOOT.bin -w on
17:22:11 INFO  : Bootgen command execution is done.
17:24:04 INFO  : FPGA configured successfully with bitstream "C:/Users/cag01/Documents/mdh/vhdl/gimme2a/sdk_2014.4/top_hw_platform_0/top.bit"
17:35:08 INFO  : FPGA Cable Disconnected. All active launches will be terminated.
15:40:29 INFO  : FPGA configured successfully with bitstream "C:/Users/cag01/Documents/mdh/vhdl/gimme2a/sdk_2014.4/top_hw_platform_0/top.bit"
16:44:17 INFO  : FPGA Cable Disconnected. All active launches will be terminated.
13:02:46 ERROR : Unexpected error while parsing XMD response ?: com.google.gson.JsonSyntaxException: com.google.gson.stream.MalformedJsonException: invalid number or unquoted string near 
13:57:06 INFO  : Launching XSDB server: xsdb.bat -s C:/Xilinx/SDK/2014.4/scripts/xsdb/xsdb/xsdb-server.tcl 2450
13:57:15 INFO  : Restoring global repository preferences: 
		 C:\Xilinx\SDK\2014.4\repo\device-tree-xlnx-master
13:57:20 WARN  :  ps7_ethernet_0: No reset found
 ps7_usb_1: No reset found
13:57:20 INFO  : BSP Project P/device_tree_bsp_0 has been successfully migrated.
14:04:33 INFO  : FPGA configured successfully with bitstream "C:/Users/cag01/Documents/mdh/vhdl/gimme2a/sdk_2014.4/top_hw_platform_0/top.bit"
14:05:13 INFO  : Invoking Bootgen: bootgen -image output.bif -o C:\Users\cag01\Documents\mdh\vhdl\gimme2a\sdk_2014.4\boot_files\BOOT.bin -w on
14:05:13 INFO  : Bootgen command execution is done.
14:14:04 INFO  : FPGA Cable Disconnected. All active launches will be terminated.
14:33:00 INFO  : FPGA configured successfully with bitstream "C:/Users/cag01/Documents/mdh/vhdl/gimme2a/sdk_2014.4/top_hw_platform_0/top.bit"
14:50:14 INFO  : FPGA Cable Disconnected. All active launches will be terminated.
15:29:15 INFO  : FPGA configured successfully with bitstream "C:/Users/cag01/Documents/mdh/vhdl/gimme2a/sdk_2014.4/top_hw_platform_0/top.bit"
15:45:09 INFO  : FPGA Cable Disconnected. All active launches will be terminated.
15:45:24 INFO  : Invoking Bootgen: bootgen -image output.bif -o C:\Users\cag01\Documents\mdh\vhdl\gimme2a\sdk_2014.4\boot_files\BOOT.bin -w on
15:45:24 INFO  : Bootgen command execution is done.
15:46:09 INFO  : FPGA configured successfully with bitstream "C:/Users/cag01/Documents/mdh/vhdl/gimme2a/sdk_2014.4/top_hw_platform_0/top.bit"
15:57:56 INFO  : FPGA Cable Disconnected. All active launches will be terminated.
09:08:29 INFO  : FPGA configured successfully with bitstream "C:/Users/cag01/Documents/mdh/vhdl/gimme2a/sdk_2014.4/top_hw_platform_0/top.bit"
09:34:04 INFO  : FPGA Cable Disconnected. All active launches will be terminated.
10:02:18 ERROR : Unexpected error while parsing XMD response ?: com.google.gson.JsonSyntaxException: com.google.gson.stream.MalformedJsonException: invalid number or unquoted string near 
10:02:42 INFO  : Launching XSDB server: xsdb.bat -s C:/Xilinx/SDK/2014.4/scripts/xsdb/xsdb/xsdb-server.tcl 2450
10:02:50 INFO  : Restoring global repository preferences: 
		 C:\Xilinx\SDK\2014.4\repo\device-tree-xlnx-master
10:02:54 WARN  :  ps7_ethernet_0: No reset found
 ps7_usb_1: No reset found
10:02:54 INFO  : BSP Project P/device_tree_bsp_0 has been successfully migrated.
09:27:06 ERROR : Unexpected error while parsing XMD response ?: com.google.gson.JsonSyntaxException: com.google.gson.stream.MalformedJsonException: invalid number or unquoted string near 
15:29:25 INFO  : Launching XSDB server: xsdb.bat -s C:/Xilinx/SDK/2014.4/scripts/xsdb/xsdb/xsdb-server.tcl 2450
15:29:36 INFO  : Restoring global repository preferences: 
		 C:\Xilinx\SDK\2014.4\repo\device-tree-xlnx-master
15:29:40 WARN  :  ps7_ethernet_0: No reset found
 ps7_usb_1: No reset found
15:29:40 INFO  : BSP Project P/device_tree_bsp_0 has been successfully migrated.
15:54:09 INFO  : Launching XSDB server: xsdb.bat -s C:/Xilinx/SDK/2014.4/scripts/xsdb/xsdb/xsdb-server.tcl 2450
15:54:20 INFO  : Restoring global repository preferences: 
		 C:\Xilinx\SDK\2014.4\repo\device-tree-xlnx-master
15:54:25 WARN  :  ps7_ethernet_0: No reset found
 ps7_usb_1: No reset found
15:54:25 INFO  : BSP Project P/device_tree_bsp_0 has been successfully migrated.
12:24:51 ERROR : Unexpected error while parsing XMD response ?: com.google.gson.JsonSyntaxException: com.google.gson.stream.MalformedJsonException: invalid number or unquoted string near 
09:26:41 INFO  : Launching XSDB server: xsdb.bat -s C:/Xilinx/SDK/2014.4/scripts/xsdb/xsdb/xsdb-server.tcl 2450
09:26:52 INFO  : Restoring global repository preferences: 
		 C:\Xilinx\SDK\2014.4\repo\device-tree-xlnx-master
09:26:56 WARN  :  ps7_ethernet_0: No reset found
 ps7_usb_1: No reset found
09:26:56 INFO  : BSP Project P/device_tree_bsp_0 has been successfully migrated.
09:34:04 INFO  : FPGA configured successfully with bitstream "C:/Users/cag01/Documents/mdh/vhdl/gimme2a/sdk_2014.4/top_hw_platform_0/top.bit"
09:42:00 INFO  : FPGA Cable Disconnected. All active launches will be terminated.
10:45:22 ERROR : Unexpected error while parsing XMD response ?: com.google.gson.JsonSyntaxException: com.google.gson.stream.MalformedJsonException: invalid number or unquoted string near 
11:18:52 INFO  : Launching XSDB server: xsdb.bat -s C:/Xilinx/SDK/2014.4/scripts/xsdb/xsdb/xsdb-server.tcl 2450
11:19:02 INFO  : Restoring global repository preferences: 
		 C:\Xilinx\SDK\2014.4\repo\device-tree-xlnx-master
11:19:07 WARN  :  ps7_ethernet_0: No reset found
 ps7_usb_1: No reset found
11:19:07 INFO  : BSP Project P/device_tree_bsp_0 has been successfully migrated.
10:18:05 ERROR : Unexpected error while parsing XMD response ?: com.google.gson.JsonSyntaxException: com.google.gson.stream.MalformedJsonException: invalid number or unquoted string near 
16:29:55 INFO  : Launching XSDB server: xsdb.bat -s C:/Xilinx/SDK/2014.4/scripts/xsdb/xsdb/xsdb-server.tcl 2450
16:30:04 INFO  : Restoring global repository preferences: 
		 C:\Xilinx\SDK\2014.4\repo\device-tree-xlnx-master
16:30:08 WARN  :  ps7_ethernet_0: No reset found
 ps7_usb_1: No reset found
16:30:08 INFO  : BSP Project P/device_tree_bsp_0 has been successfully migrated.
17:50:51 ERROR : Unexpected error while parsing XMD response ?: com.google.gson.JsonSyntaxException: com.google.gson.stream.MalformedJsonException: invalid number or unquoted string near 
09:30:04 INFO  : Launching XSDB server: xsdb.bat -s C:/Xilinx/SDK/2014.4/scripts/xsdb/xsdb/xsdb-server.tcl 2450
09:30:15 INFO  : Restoring global repository preferences: 
		 C:\Xilinx\SDK\2014.4\repo\device-tree-xlnx-master
09:30:19 WARN  :  ps7_ethernet_0: No reset found
 ps7_usb_1: No reset found
09:30:19 INFO  : BSP Project P/device_tree_bsp_0 has been successfully migrated.
13:06:26 ERROR : Unexpected error while parsing XMD response ?: com.google.gson.JsonSyntaxException: com.google.gson.stream.MalformedJsonException: invalid number or unquoted string near 
08:46:59 INFO  : Launching XSDB server: xsdb.bat -s C:/Xilinx/SDK/2014.4/scripts/xsdb/xsdb/xsdb-server.tcl 2450
08:47:09 INFO  : Restoring global repository preferences: 
		 C:\Xilinx\SDK\2014.4\repo\device-tree-xlnx-master
08:47:14 WARN  :  ps7_ethernet_0: No reset found
 ps7_usb_1: No reset found
08:47:14 INFO  : BSP Project P/device_tree_bsp_0 has been successfully migrated.
14:15:52 ERROR : Unexpected error while parsing XMD response ?: com.google.gson.JsonSyntaxException: com.google.gson.stream.MalformedJsonException: invalid number or unquoted string near 
14:24:14 INFO  : Launching XSDB server: xsdb.bat -s C:/Xilinx/SDK/2014.4/scripts/xsdb/xsdb/xsdb-server.tcl 2450
14:24:24 INFO  : Restoring global repository preferences: 
		 C:\Xilinx\SDK\2014.4\repo\device-tree-xlnx-master
14:24:28 WARN  :  ps7_ethernet_0: No reset found
 ps7_usb_1: No reset found
14:24:28 INFO  : BSP Project P/device_tree_bsp_0 has been successfully migrated.
20:41:08 ERROR : Unexpected error while parsing XMD response ?: com.google.gson.JsonSyntaxException: com.google.gson.stream.MalformedJsonException: invalid number or unquoted string near 
20:41:19 INFO  : Launching XSDB server: xsdb.bat -s C:/Xilinx/SDK/2014.4/scripts/xsdb/xsdb/xsdb-server.tcl 2450
20:41:27 INFO  : Restoring global repository preferences: 
		 C:\Xilinx\SDK\2014.4\repo\device-tree-xlnx-master
20:41:31 WARN  :  ps7_ethernet_0: No reset found
 ps7_usb_1: No reset found
20:41:31 INFO  : BSP Project P/device_tree_bsp_0 has been successfully migrated.
10:37:26 ERROR : Unexpected error while fetching XMD's response: 
java.net.SocketException: Connection reset
	at java.net.SocketInputStream.read(Unknown Source)
	at java.net.SocketInputStream.read(Unknown Source)
	at sun.nio.cs.StreamDecoder.readBytes(Unknown Source)
	at sun.nio.cs.StreamDecoder.implRead(Unknown Source)
	at sun.nio.cs.StreamDecoder.read(Unknown Source)
	at java.io.InputStreamReader.read(Unknown Source)
	at java.io.BufferedReader.fill(Unknown Source)
	at java.io.BufferedReader.read(Unknown Source)
	at com.xilinx.sdk.targetmanager.internal.json.XMDJSONProcess$CommandResultsReader.run(XMDJSONProcess.java:332)
	at java.lang.Thread.run(Unknown Source)
10:37:26 ERROR : Zero sized response read from XMD. This indicates a communication error or a programming error.
13:54:14 INFO  : Launching XSDB server: xsdb.bat -s C:/Xilinx/SDK/2014.4/scripts/xsdb/xsdb/xsdb-server.tcl 2450
13:54:25 INFO  : Restoring global repository preferences: 
		 C:\Xilinx\SDK\2014.4\repo\device-tree-xlnx-master
13:54:29 WARN  :  ps7_ethernet_0: No reset found
 ps7_usb_1: No reset found
13:54:29 INFO  : BSP Project P/device_tree_bsp_0 has been successfully migrated.
12:08:37 ERROR : Unexpected error while parsing XMD response ?: com.google.gson.JsonSyntaxException: com.google.gson.stream.MalformedJsonException: invalid number or unquoted string near 
15:41:31 INFO  : Launching XSDB server: xsdb.bat -s C:/Xilinx/SDK/2014.4/scripts/xsdb/xsdb/xsdb-server.tcl 2450
15:41:42 INFO  : Restoring global repository preferences: 
		 C:\Xilinx\SDK\2014.4\repo\device-tree-xlnx-master
15:41:46 WARN  :  ps7_ethernet_0: No reset found
 ps7_usb_1: No reset found
15:41:46 INFO  : BSP Project P/device_tree_bsp_0 has been successfully migrated.
16:08:26 INFO  : Invoking Bootgen: bootgen -image output.bif -o C:\Users\cag01\Documents\mdh\vhdl\gimme2a\sdk_2014.4\boot_files\BOOT.bin -w on
16:08:27 INFO  : Bootgen command execution is done.
16:15:45 INFO  : FPGA configured successfully with bitstream "C:/Users/cag01/Documents/mdh/vhdl/gimme2a/sdk_2014.4/top_hw_platform_0/top.bit"
16:25:39 INFO  : FPGA Cable Disconnected. All active launches will be terminated.
18:42:25 ERROR : Unexpected error while parsing XMD response ?: com.google.gson.JsonSyntaxException: com.google.gson.stream.MalformedJsonException: invalid number or unquoted string near 
08:48:15 INFO  : Launching XSDB server: xsdb.bat -s C:/Xilinx/SDK/2014.4/scripts/xsdb/xsdb/xsdb-server.tcl 2450
08:48:26 INFO  : Restoring global repository preferences: 
		 C:\Xilinx\SDK\2014.4\repo\device-tree-xlnx-master
08:48:30 WARN  :  ps7_ethernet_0: No reset found
 ps7_usb_1: No reset found
08:48:30 INFO  : BSP Project P/device_tree_bsp_0 has been successfully migrated.
14:33:43 INFO  : Invoking Bootgen: bootgen -image front.bif -o C:\Users\cag01\Documents\mdh\vhdl\gimme2a\sdk_2014.4\boot_files\BOOT_f.bin
14:33:44 INFO  : Bootgen command execution is done.
14:34:08 INFO  : Invoking Bootgen: bootgen -image bottom.bif -o C:\Users\cag01\Documents\mdh\vhdl\gimme2a\sdk_2014.4\boot_files\BOOT_b.bin
14:34:09 INFO  : Bootgen command execution is done.
14:34:50 INFO  : FPGA configured successfully with bitstream "C:/Users/cag01/Documents/mdh/vhdl/gimme2a/sdk_2014.4/top_hw_platform_0/top.bit"
14:43:34 INFO  : FPGA Cable Disconnected. All active launches will be terminated.
14:52:55 INFO  : FPGA configured successfully with bitstream "C:/Users/cag01/Documents/mdh/vhdl/gimme2a/sdk_2014.4/top_hw_platform_0/top.bit"
15:01:03 INFO  : FPGA Cable Disconnected. All active launches will be terminated.
16:45:13 INFO  : Invoking Bootgen: bootgen -image front.bif -o C:\Users\cag01\Documents\mdh\vhdl\gimme2a\sdk_2014.4\boot_files\BOOT_f.bin -w on
16:45:13 INFO  : Bootgen command execution is done.
16:45:39 INFO  : Invoking Bootgen: bootgen -image bottom.bif -o C:\Users\cag01\Documents\mdh\vhdl\gimme2a\sdk_2014.4\boot_files\BOOT_b.bin -w on
16:45:40 INFO  : Bootgen command execution is done.
09:39:17 INFO  : FPGA configured successfully with bitstream "C:/Users/cag01/Documents/mdh/vhdl/gimme2a/sdk_2014.4/top_hw_platform_0/top.bit"
09:45:15 INFO  : FPGA Cable Disconnected. All active launches will be terminated.
09:45:46 INFO  : FPGA configured successfully with bitstream "C:/Users/cag01/Documents/mdh/vhdl/gimme2a/sdk_2014.4/top_hw_platform_0/top.bit"
09:54:16 INFO  : FPGA Cable Disconnected. All active launches will be terminated.
10:02:53 INFO  : FPGA configured successfully with bitstream "C:/Users/cag01/Documents/mdh/vhdl/gimme2a/sdk_2014.4/top_hw_platform_0/top.bit"
10:13:46 INFO  : FPGA Cable Disconnected. All active launches will be terminated.
10:52:20 INFO  : Invoking Bootgen: bootgen -image front.bif -o C:\Users\cag01\Documents\mdh\vhdl\gimme2a\sdk_2014.4\boot_files\BOOT_f.bin
10:52:21 INFO  : Bootgen command execution is done.
10:52:55 INFO  : Invoking Bootgen: bootgen -image bottom.bif -o C:\Users\cag01\Documents\mdh\vhdl\gimme2a\sdk_2014.4\boot_files\BOOT_b.bin
10:52:55 INFO  : Bootgen command execution is done.
10:54:20 INFO  : FPGA configured successfully with bitstream "C:/Users/cag01/Documents/mdh/vhdl/gimme2a/sdk_2014.4/top_hw_platform_0/top.bit"
11:02:10 INFO  : FPGA Cable Disconnected. All active launches will be terminated.
12:53:08 INFO  : Invoking Bootgen: bootgen -image bottom.bif -o C:\Users\cag01\Documents\mdh\vhdl\gimme2a\sdk_2014.4\boot_files\BOOT_b.bin -w on
12:53:09 INFO  : Bootgen command execution is done.
12:55:11 INFO  : FPGA configured successfully with bitstream "C:/Users/cag01/Documents/mdh/vhdl/gimme2a/sdk_2014.4/top_hw_platform_0/top.bit"
13:02:37 INFO  : FPGA Cable Disconnected. All active launches will be terminated.
13:54:01 ERROR : Unexpected error while parsing XMD response ?: com.google.gson.JsonSyntaxException: com.google.gson.stream.MalformedJsonException: invalid number or unquoted string near 
12:39:11 INFO  : Launching XSDB server: xsdb.bat -s C:/Xilinx/SDK/2014.4/scripts/xsdb/xsdb/xsdb-server.tcl 2450
12:39:21 INFO  : Restoring global repository preferences: 
		 C:\Xilinx\SDK\2014.4\repo\device-tree-xlnx-master
12:39:25 WARN  :  ps7_ethernet_0: No reset found
 ps7_usb_1: No reset found
12:39:25 INFO  : BSP Project P/device_tree_bsp_0 has been successfully migrated.
14:21:37 ERROR : Unexpected error while parsing XMD response ?: com.google.gson.JsonSyntaxException: com.google.gson.stream.MalformedJsonException: invalid number or unquoted string near 
14:58:13 INFO  : Launching XSDB server: xsdb.bat -s C:/Xilinx/SDK/2014.4/scripts/xsdb/xsdb/xsdb-server.tcl 2450
14:58:23 INFO  : Restoring global repository preferences: 
		 C:\Xilinx\SDK\2014.4\repo\device-tree-xlnx-master
14:58:27 WARN  :  ps7_ethernet_0: No reset found
 ps7_usb_1: No reset found
14:58:27 INFO  : BSP Project P/device_tree_bsp_0 has been successfully migrated.
20:56:48 INFO  : SDK has detected change in the last modified timestamps for source hardware specification file Source:1436800616569,  Project:1429782563947
20:56:48 INFO  : Project top_hw_platform_0's source hardware specification located at C:/Users/cag01/Documents/mdh/vhdl/gimme2a/sdk_2014.4/top.hdf is now different from the local copy.
		 The local copy will be replaced with the source specification and your workspace will be updated.
20:56:59 INFO  : Copied contents of C:/Users/cag01/Documents/mdh/vhdl/gimme2a/sdk_2014.4/top.hdf into \top_hw_platform_0\system.hdf.
20:57:17 INFO  : Synchronizing projects in the workspace with the hardware platform specification changes.
20:57:33 INFO  : 
20:57:34 INFO  : 
20:57:38 INFO  : Updating hardware inferred compiler options for fsbl.
20:57:39 INFO  : Clearing existing target manager status.
20:57:39 INFO  : Closing and re-opening the MSS file of ther project device_tree_bsp_0
20:57:39 INFO  : Workspace synchronized with the new hardware specification file. Cleaning dependent projects...
21:11:30 INFO  : Invoking Bootgen: bootgen -image output.bif -o C:\Users\cag01\Documents\mdh\vhdl\gimme2a\sdk_2014.4\boot_files\BOOT.bin -w on
21:11:31 INFO  : Bootgen command execution is done.
21:13:13 INFO  : FPGA configured successfully with bitstream "C:/Users/cag01/Documents/mdh/vhdl/gimme2a/sdk_2014.4/top_hw_platform_0/top.bit"
21:24:52 INFO  : FPGA Cable Disconnected. All active launches will be terminated.
22:23:21 ERROR : Unexpected error while parsing XMD response ?: com.google.gson.JsonSyntaxException: com.google.gson.stream.MalformedJsonException: invalid number or unquoted string near 
22:32:57 WARN  : Unable to obtain port 2450 for use by XSDB Server, java.net.SocketException: Unrecognized Windows Sockets error: 0: JVM_Bind
22:32:58 INFO  : Launching XSDB server: xsdb.bat -s C:/Xilinx/SDK/2014.4/scripts/xsdb/xsdb/xsdb-server.tcl 2457
22:33:04 INFO  : Restoring global repository preferences: 
		 C:\Xilinx\SDK\2014.4\repo\device-tree-xlnx-master
22:33:08 WARN  :  ps7_ethernet_0: No reset found
 ps7_usb_1: No reset found
22:33:08 INFO  : BSP Project P/device_tree_bsp_0 has been successfully migrated.
23:05:34 ERROR : Unexpected error while parsing XMD response ?: com.google.gson.JsonSyntaxException: com.google.gson.stream.MalformedJsonException: invalid number or unquoted string near 
02:14:22 INFO  : Launching XSDB server: xsdb.bat -s C:/Xilinx/SDK/2014.4/scripts/xsdb/xsdb/xsdb-server.tcl 2450
02:14:31 INFO  : Restoring global repository preferences: 
		 C:\Xilinx\SDK\2014.4\repo\device-tree-xlnx-master
02:14:35 WARN  :  ps7_ethernet_0: No reset found
 ps7_usb_1: No reset found
02:14:35 INFO  : BSP Project P/device_tree_bsp_0 has been successfully migrated.
02:20:33 ERROR : Unexpected error while parsing XMD response ?: com.google.gson.JsonSyntaxException: com.google.gson.stream.MalformedJsonException: invalid number or unquoted string near 
16:06:20 INFO  : Launching XSDB server: xsdb.bat -s C:/Xilinx/SDK/2014.4/scripts/xsdb/xsdb/xsdb-server.tcl 2450
16:06:28 INFO  : Restoring global repository preferences: 
		 C:\Xilinx\SDK\2014.4\repo\device-tree-xlnx-master
16:06:32 WARN  :  ps7_ethernet_0: No reset found
 ps7_usb_1: No reset found
16:06:32 INFO  : BSP Project P/device_tree_bsp_0 has been successfully migrated.
09:28:47 ERROR : Unexpected error while parsing XMD response ?: com.google.gson.JsonSyntaxException: com.google.gson.stream.MalformedJsonException: invalid number or unquoted string near 
14:32:58 WARN  : Unable to obtain port 2450 for use by XSDB Server, java.net.SocketException: Unrecognized Windows Sockets error: 0: JVM_Bind
14:32:59 WARN  : Unable to obtain port 2350 for use by XMD, java.net.SocketException: Unrecognized Windows Sockets error: 0: JVM_Bind
14:32:59 INFO  : Launching XSDB server: xsdb.bat -s C:/Xilinx/SDK/2014.4/scripts/xsdb/xsdb/xsdb-server.tcl 2457
14:33:08 INFO  : Restoring global repository preferences: 
		 C:\Xilinx\SDK\2014.4\repo\device-tree-xlnx-master
14:33:13 WARN  :  ps7_ethernet_0: No reset found
 ps7_usb_1: No reset found
14:33:13 INFO  : BSP Project P/device_tree_bsp_0 has been successfully migrated.
08:44:49 ERROR : Unexpected error while parsing XMD response ?: com.google.gson.JsonSyntaxException: com.google.gson.stream.MalformedJsonException: invalid number or unquoted string near 
09:16:29 INFO  : Launching XSDB server: xsdb.bat -s C:/Xilinx/SDK/2014.4/scripts/xsdb/xsdb/xsdb-server.tcl 2450
09:16:39 INFO  : Restoring global repository preferences: 
		 C:\Xilinx\SDK\2014.4\repo\device-tree-xlnx-master
09:16:44 WARN  :  ps7_ethernet_0: No reset found
 ps7_usb_1: No reset found
09:16:44 INFO  : BSP Project P/device_tree_bsp_0 has been successfully migrated.
09:17:35 ERROR : Unexpected error while parsing XMD response ?: com.google.gson.JsonSyntaxException: com.google.gson.stream.MalformedJsonException: invalid number or unquoted string near 
09:57:12 INFO  : Launching XSDB server: xsdb.bat -s C:/Xilinx/SDK/2014.4/scripts/xsdb/xsdb/xsdb-server.tcl 2450
09:57:20 INFO  : Restoring global repository preferences: 
		 C:\Xilinx\SDK\2014.4\repo\device-tree-xlnx-master
09:57:24 WARN  :  ps7_ethernet_0: No reset found
 ps7_usb_1: No reset found
09:57:24 INFO  : BSP Project P/device_tree_bsp_0 has been successfully migrated.
11:15:59 ERROR : Unexpected error while parsing XMD response ?: com.google.gson.JsonSyntaxException: com.google.gson.stream.MalformedJsonException: invalid number or unquoted string near 
15:03:35 INFO  : Launching XSDB server: xsdb.bat -s C:/Xilinx/SDK/2014.4/scripts/xsdb/xsdb/xsdb-server.tcl 2450
15:03:46 INFO  : Restoring global repository preferences: 
		 C:\Xilinx\SDK\2014.4\repo\device-tree-xlnx-master
15:03:50 WARN  :  ps7_ethernet_0: No reset found
 ps7_usb_1: No reset found
15:03:50 INFO  : BSP Project P/device_tree_bsp_0 has been successfully migrated.
15:05:05 ERROR : Unexpected error while parsing XMD response ?: com.google.gson.JsonSyntaxException: com.google.gson.stream.MalformedJsonException: invalid number or unquoted string near 
11:20:13 INFO  : Launching XSDB server: xsdb.bat -s C:/Xilinx/SDK/2014.4/scripts/xsdb/xsdb/xsdb-server.tcl 2450
11:20:23 INFO  : Restoring global repository preferences: 
		 C:\Xilinx\SDK\2014.4\repo\device-tree-xlnx-master
11:20:28 WARN  :  ps7_ethernet_0: No reset found
 ps7_usb_1: No reset found
11:20:28 INFO  : BSP Project P/device_tree_bsp_0 has been successfully migrated.
11:55:53 ERROR : Unexpected error while parsing XMD response ?: com.google.gson.JsonSyntaxException: com.google.gson.stream.MalformedJsonException: invalid number or unquoted string near 
10:37:56 INFO  : Launching XSDB server: xsdb.bat -s C:/Xilinx/SDK/2014.4/scripts/xsdb/xsdb/xsdb-server.tcl 2450
10:38:01 INFO  : Restoring global repository preferences: 
		 C:\Xilinx\SDK\2014.4\repo\device-tree-xlnx-master
10:38:05 WARN  :  ps7_ethernet_0: No reset found
 ps7_usb_1: No reset found
10:38:05 INFO  : BSP Project P/device_tree_bsp_0 has been successfully migrated.
10:56:16 ERROR : Unexpected error while parsing XMD response ?: com.google.gson.JsonSyntaxException: com.google.gson.stream.MalformedJsonException: invalid number or unquoted string near 
11:37:26 INFO  : Launching XSDB server: xsdb.bat -s C:/Xilinx/SDK/2014.4/scripts/xsdb/xsdb/xsdb-server.tcl 2450
11:37:32 INFO  : Restoring global repository preferences: 
		 C:\Xilinx\SDK\2014.4\repo\device-tree-xlnx-master
11:37:36 WARN  :  ps7_ethernet_0: No reset found
 ps7_usb_1: No reset found
11:37:36 INFO  : BSP Project P/device_tree_bsp_0 has been successfully migrated.
14:29:20 INFO  : Launching XSDB server: xsdb.bat -s C:/Xilinx/SDK/2014.4/scripts/xsdb/xsdb/xsdb-server.tcl 2450
14:29:32 INFO  : Restoring global repository preferences: 
		 C:\Xilinx\SDK\2014.4\repo\device-tree-xlnx-master
14:29:48 WARN  :  ps7_ethernet_0: No reset found
 ps7_usb_1: No reset found
14:29:48 INFO  : BSP Project P/device_tree_bsp_0 has been successfully migrated.
17:23:12 ERROR : Unexpected error while parsing XMD response ?: com.google.gson.JsonSyntaxException: com.google.gson.stream.MalformedJsonException: invalid number or unquoted string near 
20:54:43 INFO  : Launching XSDB server: xsdb.bat -s C:/Xilinx/SDK/2014.4/scripts/xsdb/xsdb/xsdb-server.tcl 2450
20:54:54 INFO  : Restoring global repository preferences: 
		 C:\Xilinx\SDK\2014.4\repo\device-tree-xlnx-master
20:54:58 WARN  :  ps7_ethernet_0: No reset found
 ps7_usb_1: No reset found
20:54:58 INFO  : BSP Project P/device_tree_bsp_0 has been successfully migrated.
13:21:06 ERROR : Unexpected error while parsing XMD response ?: com.google.gson.JsonSyntaxException: com.google.gson.stream.MalformedJsonException: invalid number or unquoted string near 
14:47:34 INFO  : Launching XSDB server: xsdb.bat -s C:/Xilinx/SDK/2014.4/scripts/xsdb/xsdb/xsdb-server.tcl 2450
14:47:44 INFO  : Restoring global repository preferences: 
		 C:\Xilinx\SDK\2014.4\repo\device-tree-xlnx-master
14:47:49 WARN  :  ps7_ethernet_0: No reset found
 ps7_usb_1: No reset found
14:47:49 INFO  : BSP Project P/device_tree_bsp_0 has been successfully migrated.
14:59:40 ERROR : Unexpected error while parsing XMD response ?: com.google.gson.JsonSyntaxException: com.google.gson.stream.MalformedJsonException: invalid number or unquoted string near 
10:14:35 INFO  : Launching XSDB server: xsdb.bat -s C:/Xilinx/SDK/2014.4/scripts/xsdb/xsdb/xsdb-server.tcl 2450
10:14:45 INFO  : Restoring global repository preferences: 
		 C:\Xilinx\SDK\2014.4\repo\device-tree-xlnx-master
10:14:50 WARN  :  ps7_ethernet_0: No reset found
 ps7_usb_1: No reset found
10:14:50 INFO  : BSP Project P/device_tree_bsp_0 has been successfully migrated.
10:19:54 INFO  : Invoking Bootgen: bootgen -image output_full.bif -o C:\Users\cag01\Documents\mdh\vhdl\gimme2a\sdk_2014.4\boot_files\BOOT_full.bin
10:19:54 INFO  : Bootgen command execution is done.
10:26:25 INFO  : FPGA Cable Disconnected. All active launches will be terminated.
10:29:14 INFO  : FPGA configured successfully with bitstream "C:/Users/cag01/Documents/mdh/vhdl/gimme2a/sdk_2014.4/top_hw_platform_0/top.bit"
10:42:46 INFO  : FPGA Cable Disconnected. All active launches will be terminated.
08:58:16 ERROR : Unexpected error while parsing XMD response ?: com.google.gson.JsonSyntaxException: com.google.gson.stream.MalformedJsonException: invalid number or unquoted string near 
09:42:50 WARN  : Unable to obtain port 2450 for use by XSDB Server, java.net.SocketException: Unrecognized Windows Sockets error: 0: JVM_Bind
09:42:51 WARN  : Unable to obtain port 2350 for use by XMD, java.net.SocketException: Unrecognized Windows Sockets error: 0: JVM_Bind
09:42:51 INFO  : Launching XSDB server: xsdb.bat -s C:/Xilinx/SDK/2014.4/scripts/xsdb/xsdb/xsdb-server.tcl 2457
09:42:59 INFO  : Restoring global repository preferences: 
		 C:\Xilinx\SDK\2014.4\repo\device-tree-xlnx-master
09:43:03 WARN  :  ps7_ethernet_0: No reset found
 ps7_usb_1: No reset found
09:43:03 INFO  : BSP Project P/device_tree_bsp_0 has been successfully migrated.
11:22:03 ERROR : Unexpected error while parsing XMD response ?: com.google.gson.JsonSyntaxException: com.google.gson.stream.MalformedJsonException: invalid number or unquoted string near 
16:00:55 WARN  : Unable to obtain port 2450 for use by XSDB Server, java.net.SocketException: Unrecognized Windows Sockets error: 0: JVM_Bind
16:00:56 WARN  : Unable to obtain port 2350 for use by XMD, java.net.SocketException: Unrecognized Windows Sockets error: 0: JVM_Bind
16:00:56 INFO  : Launching XSDB server: xsdb.bat -s C:/Xilinx/SDK/2014.4/scripts/xsdb/xsdb/xsdb-server.tcl 2457
16:01:05 INFO  : Restoring global repository preferences: 
		 C:\Xilinx\SDK\2014.4\repo\device-tree-xlnx-master
16:01:10 WARN  :  ps7_ethernet_0: No reset found
 ps7_usb_1: No reset found
16:01:10 INFO  : BSP Project P/device_tree_bsp_0 has been successfully migrated.
08:32:34 ERROR : Unexpected error while parsing XMD response ?: com.google.gson.JsonSyntaxException: com.google.gson.stream.MalformedJsonException: invalid number or unquoted string near 
08:44:43 INFO  : Launching XSDB server: xsdb.bat -s C:/Xilinx/SDK/2014.4/scripts/xsdb/xsdb/xsdb-server.tcl 2450
08:44:54 INFO  : Restoring global repository preferences: 
		 C:\Xilinx\SDK\2014.4\repo\device-tree-xlnx-master
08:44:58 WARN  :  ps7_ethernet_0: No reset found
 ps7_usb_1: No reset found
08:44:58 INFO  : BSP Project P/device_tree_bsp_0 has been successfully migrated.
11:34:29 ERROR : Unexpected error while parsing XMD response ?: com.google.gson.JsonSyntaxException: com.google.gson.stream.MalformedJsonException: invalid number or unquoted string near 
13:57:34 INFO  : Launching XSDB server: xsdb.bat -s C:/Xilinx/SDK/2014.4/scripts/xsdb/xsdb/xsdb-server.tcl 2450
13:57:44 INFO  : Restoring global repository preferences: 
		 C:\Xilinx\SDK\2014.4\repo\device-tree-xlnx-master
13:57:49 WARN  :  ps7_ethernet_0: No reset found
 ps7_usb_1: No reset found
13:57:49 INFO  : BSP Project P/device_tree_bsp_0 has been successfully migrated.
15:04:30 ERROR : FPGA Configuration failed.Connection to Board Failed


    Failed to open Cable Node jsn-DLC10-000016c4784701 on TCP:127.0.0.1:3121


15:05:31 INFO  : FPGA configured successfully with bitstream "C:/Users/cag01/Documents/mdh/vhdl/gimme2a/sdk_2014.4/top_hw_platform_0/top.bit"
15:21:53 INFO  : FPGA Cable Disconnected. All active launches will be terminated.
15:57:55 ERROR : FPGA Configuration failed.Connection to Board Failed


    Failed to open Cable Node jsn-DLC10-000016c4784701 on TCP:127.0.0.1:3121


16:05:53 INFO  : FPGA configured successfully with bitstream "C:/Users/cag01/Documents/mdh/vhdl/gimme2a/sdk_2014.4/top_hw_platform_0/top.bit"
16:14:22 INFO  : FPGA Cable Disconnected. All active launches will be terminated.
16:38:12 ERROR : FPGA Configuration failed.Connection to Board Failed


    Failed to open Cable Node jsn-DLC10-000016c4784701 on TCP:127.0.0.1:3121


16:38:44 INFO  : FPGA configured successfully with bitstream "C:/Users/cag01/Documents/mdh/vhdl/gimme2a/sdk_2014.4/top_hw_platform_0/top.bit"
16:47:41 INFO  : FPGA Cable Disconnected. All active launches will be terminated.
09:27:15 ERROR : Unexpected error while parsing XMD response ?: com.google.gson.JsonSyntaxException: com.google.gson.stream.MalformedJsonException: invalid number or unquoted string near 
09:28:25 INFO  : Launching XSDB server: xsdb.bat -s C:/Xilinx/SDK/2014.4/scripts/xsdb/xsdb/xsdb-server.tcl 2450
09:28:48 INFO  : Restoring global repository preferences: 
		 C:\Xilinx\SDK\2014.4\repo\device-tree-xlnx-master
09:29:05 WARN  :  ps7_ethernet_0: No reset found
 ps7_usb_1: No reset found
09:29:05 INFO  : BSP Project P/device_tree_bsp_0 has been successfully migrated.
09:31:17 INFO  : FPGA configured successfully with bitstream "C:/Users/cag01/Documents/mdh/vhdl/gimme2a/sdk_2014.4/top_hw_platform_0/top.bit"
09:42:02 INFO  : FPGA Cable Disconnected. All active launches will be terminated.
09:50:24 ERROR : Unexpected error while parsing XMD response ?: com.google.gson.JsonSyntaxException: com.google.gson.stream.MalformedJsonException: invalid number or unquoted string near 
10:09:09 INFO  : Launching XSDB server: xsdb.bat -s C:/Xilinx/SDK/2014.4/scripts/xsdb/xsdb/xsdb-server.tcl 2450
10:09:35 INFO  : Restoring global repository preferences: 
		 C:\Xilinx\SDK\2014.4\repo\device-tree-xlnx-master
10:09:52 WARN  :  ps7_ethernet_0: No reset found
 ps7_usb_1: No reset found
10:09:52 INFO  : BSP Project P/device_tree_bsp_0 has been successfully migrated.
10:10:15 INFO  : FPGA configured successfully with bitstream "C:/Users/cag01/Documents/mdh/vhdl/gimme2a/sdk_2014.4/top_hw_platform_0/top.bit"
10:18:44 INFO  : FPGA Cable Disconnected. All active launches will be terminated.
15:29:02 ERROR : Unexpected error while parsing XMD response ?: com.google.gson.JsonSyntaxException: com.google.gson.stream.MalformedJsonException: invalid number or unquoted string near 
10:01:13 INFO  : Launching XSDB server: xsdb.bat -s C:/Xilinx/SDK/2014.4/scripts/xsdb/xsdb/xsdb-server.tcl 2450
10:01:24 INFO  : Restoring global repository preferences: 
		 C:\Xilinx\SDK\2014.4\repo\device-tree-xlnx-master
10:01:28 WARN  :  ps7_ethernet_0: No reset found
 ps7_usb_1: No reset found
10:01:28 INFO  : BSP Project P/device_tree_bsp_0 has been successfully migrated.
11:01:42 ERROR : Unexpected error while fetching XMD's response: 
java.net.SocketException: Connection reset
	at java.net.SocketInputStream.read(Unknown Source)
	at java.net.SocketInputStream.read(Unknown Source)
	at sun.nio.cs.StreamDecoder.readBytes(Unknown Source)
	at sun.nio.cs.StreamDecoder.implRead(Unknown Source)
	at sun.nio.cs.StreamDecoder.read(Unknown Source)
	at java.io.InputStreamReader.read(Unknown Source)
	at java.io.BufferedReader.fill(Unknown Source)
	at java.io.BufferedReader.read(Unknown Source)
	at com.xilinx.sdk.targetmanager.internal.json.XMDJSONProcess$CommandResultsReader.run(XMDJSONProcess.java:332)
	at java.lang.Thread.run(Unknown Source)
11:01:42 ERROR : Zero sized response read from XMD. This indicates a communication error or a programming error.
09:44:40 INFO  : Launching XSDB server: xsdb.bat -s C:/Xilinx/SDK/2014.4/scripts/xsdb/xsdb/xsdb-server.tcl 2450
09:44:49 INFO  : Restoring global repository preferences: 
		 C:\Xilinx\SDK\2014.4\repo\device-tree-xlnx-master
09:44:53 WARN  :  ps7_ethernet_0: No reset found
 ps7_usb_1: No reset found
09:44:53 INFO  : BSP Project P/device_tree_bsp_0 has been successfully migrated.
10:51:47 ERROR : Unexpected error while parsing XMD response ?: com.google.gson.JsonSyntaxException: com.google.gson.stream.MalformedJsonException: invalid number or unquoted string near 
08:47:39 INFO  : Launching XSDB server: xsdb.bat -s C:/Xilinx/SDK/2014.4/scripts/xsdb/xsdb/xsdb-server.tcl 2450
08:47:50 INFO  : Restoring global repository preferences: 
		 C:\Xilinx\SDK\2014.4\repo\device-tree-xlnx-master
08:47:54 WARN  :  ps7_ethernet_0: No reset found
 ps7_usb_1: No reset found
08:47:54 INFO  : BSP Project P/device_tree_bsp_0 has been successfully migrated.
11:53:13 ERROR : Unexpected error while parsing XMD response ?: com.google.gson.JsonSyntaxException: com.google.gson.stream.MalformedJsonException: invalid number or unquoted string near 
15:17:55 INFO  : Launching XSDB server: xsdb.bat -s C:/Xilinx/SDK/2014.4/scripts/xsdb/xsdb/xsdb-server.tcl 2450
15:18:06 INFO  : Restoring global repository preferences: 
		 C:\Xilinx\SDK\2014.4\repo\device-tree-xlnx-master
15:18:10 WARN  :  ps7_ethernet_0: No reset found
 ps7_usb_1: No reset found
15:18:10 INFO  : BSP Project P/device_tree_bsp_0 has been successfully migrated.
16:35:34 INFO  : FPGA configured successfully with bitstream "C:/Users/cag01/Documents/mdh/vhdl/gimme2a/sdk_2014.4/top_hw_platform_0/top.bit"
16:50:26 INFO  : FPGA Cable Disconnected. All active launches will be terminated.
08:32:04 ERROR : FPGA Configuration failed.Connection to Board Failed


    Failed to open Cable Node jsn-DLC10-000016c4784701 on TCP:127.0.0.1:3121


08:33:21 INFO  : FPGA configured successfully with bitstream "C:/Users/cag01/Documents/mdh/vhdl/gimme2a/sdk_2014.4/top_hw_platform_0/top.bit"
08:40:40 INFO  : FPGA Cable Disconnected. All active launches will be terminated.
10:45:31 ERROR : Unexpected error while parsing XMD response ?: com.google.gson.JsonSyntaxException: com.google.gson.stream.MalformedJsonException: invalid number or unquoted string near 
16:16:28 WARN  : Unable to obtain port 2450 for use by XSDB Server, java.net.SocketException: Unrecognized Windows Sockets error: 0: JVM_Bind
16:16:29 WARN  : Unable to obtain port 2350 for use by XMD, java.net.SocketException: Unrecognized Windows Sockets error: 0: JVM_Bind
16:16:29 INFO  : Launching XSDB server: xsdb.bat -s C:/Xilinx/SDK/2014.4/scripts/xsdb/xsdb/xsdb-server.tcl 2457
16:16:39 INFO  : Restoring global repository preferences: 
		 C:\Xilinx\SDK\2014.4\repo\device-tree-xlnx-master
16:16:43 WARN  :  ps7_ethernet_0: No reset found
 ps7_usb_1: No reset found
16:16:43 INFO  : BSP Project P/device_tree_bsp_0 has been successfully migrated.
08:28:51 ERROR : Unexpected error while parsing XMD response ?: com.google.gson.JsonSyntaxException: com.google.gson.stream.MalformedJsonException: invalid number or unquoted string near 
08:07:30 INFO  : Launching XSDB server: xsdb.bat -s C:/Xilinx/SDK/2014.4/scripts/xsdb/xsdb/xsdb-server.tcl 2450
08:07:40 INFO  : Restoring global repository preferences: 
		 C:\Xilinx\SDK\2014.4\repo\device-tree-xlnx-master
08:07:46 WARN  :  ps7_ethernet_0: No reset found
 ps7_usb_1: No reset found
08:07:46 INFO  : BSP Project P/device_tree_bsp_0 has been successfully migrated.
09:39:04 ERROR : Unexpected error while parsing XMD response ?: com.google.gson.JsonSyntaxException: com.google.gson.stream.MalformedJsonException: invalid number or unquoted string near 
14:31:12 WARN  : Unable to obtain port 2450 for use by XSDB Server, java.net.SocketException: Unrecognized Windows Sockets error: 0: JVM_Bind
14:31:12 WARN  : Unable to obtain port 2350 for use by XMD, java.net.SocketException: Unrecognized Windows Sockets error: 0: JVM_Bind
14:31:13 INFO  : Launching XSDB server: xsdb.bat -s C:/Xilinx/SDK/2014.4/scripts/xsdb/xsdb/xsdb-server.tcl 2457
14:31:23 INFO  : Restoring global repository preferences: 
		 C:\Xilinx\SDK\2014.4\repo\device-tree-xlnx-master
14:31:27 WARN  :  ps7_ethernet_0: No reset found
 ps7_usb_1: No reset found
14:31:27 INFO  : BSP Project P/device_tree_bsp_0 has been successfully migrated.
15:07:40 ERROR : Unexpected error while parsing XMD response ?: com.google.gson.JsonSyntaxException: com.google.gson.stream.MalformedJsonException: invalid number or unquoted string near 
09:48:36 INFO  : Launching XSDB server: xsdb.bat -s C:/Xilinx/SDK/2014.4/scripts/xsdb/xsdb/xsdb-server.tcl 2450
09:48:47 INFO  : Restoring global repository preferences: 
		 C:\Xilinx\SDK\2014.4\repo\device-tree-xlnx-master
09:48:52 WARN  :  ps7_ethernet_0: No reset found
 ps7_usb_1: No reset found
09:48:52 INFO  : BSP Project P/device_tree_bsp_0 has been successfully migrated.
22:24:00 ERROR : Unexpected error while parsing XMD response ?: com.google.gson.JsonSyntaxException: com.google.gson.stream.MalformedJsonException: invalid number or unquoted string near 
08:43:24 INFO  : Launching XSDB server: xsdb.bat -s C:/Xilinx/SDK/2014.4/scripts/xsdb/xsdb/xsdb-server.tcl 2450
08:43:35 INFO  : Restoring global repository preferences: 
		 C:\Xilinx\SDK\2014.4\repo\device-tree-xlnx-master
08:43:39 WARN  :  ps7_ethernet_0: No reset found
 ps7_usb_1: No reset found
08:43:39 INFO  : BSP Project P/device_tree_bsp_0 has been successfully migrated.
08:52:59 INFO  : Launching XSDB server: xsdb.bat -s C:/Xilinx/SDK/2014.4/scripts/xsdb/xsdb/xsdb-server.tcl 2450
08:53:12 INFO  : Restoring global repository preferences: 
		 C:\Xilinx\SDK\2014.4\repo\device-tree-xlnx-master
08:53:30 WARN  :  ps7_ethernet_0: No reset found
 ps7_usb_1: No reset found
08:53:30 INFO  : BSP Project P/device_tree_bsp_0 has been successfully migrated.
09:36:08 INFO  : FPGA configured successfully with bitstream "C:/Users/cag01/Documents/mdh/vhdl/gimme2a/sdk_2014.4/top_hw_platform_0/top.bit"
09:56:03 INFO  : FPGA Cable Disconnected. All active launches will be terminated.
10:15:28 ERROR : Unexpected error while parsing XMD response ?: com.google.gson.JsonSyntaxException: com.google.gson.stream.MalformedJsonException: invalid number or unquoted string near 
10:27:34 INFO  : Launching XSDB server: xsdb.bat -s C:/Xilinx/SDK/2014.4/scripts/xsdb/xsdb/xsdb-server.tcl 2450
10:27:45 INFO  : Restoring global repository preferences: 
		 C:\Xilinx\SDK\2014.4\repo\device-tree-xlnx-master
10:27:49 WARN  :  ps7_ethernet_0: No reset found
 ps7_usb_1: No reset found
10:27:49 INFO  : BSP Project P/device_tree_bsp_0 has been successfully migrated.
10:45:04 ERROR : Unexpected error while parsing XMD response ?: com.google.gson.JsonSyntaxException: com.google.gson.stream.MalformedJsonException: invalid number or unquoted string near 
10:45:21 INFO  : Launching XSDB server: xsdb.bat -s C:/Xilinx/SDK/2014.4/scripts/xsdb/xsdb/xsdb-server.tcl 2450
10:45:30 INFO  : Restoring global repository preferences: 
		 C:\Xilinx\SDK\2014.4\repo\device-tree-xlnx-master
10:45:33 WARN  :  ps7_ethernet_0: No reset found
 ps7_usb_1: No reset found
10:45:33 INFO  : BSP Project P/device_tree_bsp_0 has been successfully migrated.
15:46:07 ERROR : FPGA Configuration failed.Connection to Board Failed


    Unknown Error Occured
    Cable is not connected to the host

15:46:19 ERROR : FPGA Configuration failed.Connection to Board Failed


    Unknown Error Occured
    Cable is not connected to the host

15:48:09 ERROR : FPGA Configuration failed.Connection to Board Failed


    Failed to open Cable Node jsn1 on TCP:127.0.0.1:3121


15:48:58 ERROR : FPGA Configuration failed.Connection to Board Failed


    Failed to open Cable Node jsn1 on TCP:127.0.0.1:3121


15:51:00 ERROR : FPGA Configuration failed.Connection to Board Failed


    Failed to open Cable Node jsn1 on TCP:127.0.0.1:3121


15:51:59 ERROR : Unexpected error while parsing XMD response ?: com.google.gson.JsonSyntaxException: com.google.gson.stream.MalformedJsonException: invalid number or unquoted string near 
15:52:48 INFO  : Launching XSDB server: xsdb.bat -s C:/Xilinx/SDK/2014.4/scripts/xsdb/xsdb/xsdb-server.tcl 2450
15:52:56 INFO  : Restoring global repository preferences: 
		 C:\Xilinx\SDK\2014.4\repo\device-tree-xlnx-master
15:53:00 WARN  :  ps7_ethernet_0: No reset found
 ps7_usb_1: No reset found
15:53:00 INFO  : BSP Project P/device_tree_bsp_0 has been successfully migrated.
15:53:19 INFO  : FPGA configured successfully with bitstream "C:/Users/cag01/Documents/mdh/vhdl/gimme2a/sdk_2014.4/top_hw_platform_0/top.bit"
16:01:30 INFO  : FPGA Cable Disconnected. All active launches will be terminated.
08:43:10 ERROR : Unexpected error while parsing XMD response ?: com.google.gson.JsonSyntaxException: com.google.gson.stream.MalformedJsonException: invalid number or unquoted string near 
08:45:26 INFO  : Launching XSDB server: xsdb.bat -s C:/Xilinx/SDK/2014.4/scripts/xsdb/xsdb/xsdb-server.tcl 2450
08:45:37 INFO  : Restoring global repository preferences: 
		 C:\Xilinx\SDK\2014.4\repo\device-tree-xlnx-master
08:45:41 WARN  :  ps7_ethernet_0: No reset found
 ps7_usb_1: No reset found
08:45:41 INFO  : BSP Project P/device_tree_bsp_0 has been successfully migrated.
08:27:56 ERROR : Unexpected error while parsing XMD response ?: com.google.gson.JsonSyntaxException: com.google.gson.stream.MalformedJsonException: invalid number or unquoted string near 
08:31:41 INFO  : Launching XSDB server: xsdb.bat -s C:/Xilinx/SDK/2014.4/scripts/xsdb/xsdb/xsdb-server.tcl 2450
08:31:51 INFO  : Restoring global repository preferences: 
		 C:\Xilinx\SDK\2014.4\repo\device-tree-xlnx-master
08:31:55 WARN  :  ps7_ethernet_0: No reset found
 ps7_usb_1: No reset found
08:31:55 INFO  : BSP Project P/device_tree_bsp_0 has been successfully migrated.
14:02:07 INFO  : FPGA configured successfully with bitstream "C:/Users/cag01/Documents/mdh/vhdl/gimme2a/sdk_2014.4/top_hw_platform_0/top.bit"
14:02:54 ERROR : Unexpected error while parsing XMD response ?: com.google.gson.JsonSyntaxException: com.google.gson.stream.MalformedJsonException: invalid number or unquoted string near 
10:52:57 INFO  : Launching XSDB server: xsdb.bat -s C:/Xilinx/SDK/2014.4/scripts/xsdb/xsdb/xsdb-server.tcl 2450
10:53:05 INFO  : Restoring global repository preferences: 
		 C:\Xilinx\SDK\2014.4\repo\device-tree-xlnx-master
10:53:10 WARN  :  ps7_ethernet_0: No reset found
 ps7_usb_1: No reset found
10:53:10 INFO  : BSP Project P/device_tree_bsp_0 has been successfully migrated.
11:44:35 ERROR : Unexpected error while parsing XMD response ?: com.google.gson.JsonSyntaxException: com.google.gson.stream.MalformedJsonException: invalid number or unquoted string near 
15:24:54 INFO  : Launching XSDB server: xsdb.bat -s C:/Xilinx/SDK/2014.4/scripts/xsdb/xsdb/xsdb-server.tcl 2450
15:25:02 INFO  : Restoring global repository preferences: 
		 C:\Xilinx\SDK\2014.4\repo\device-tree-xlnx-master
15:25:06 WARN  :  ps7_ethernet_0: No reset found
 ps7_usb_1: No reset found
15:25:06 INFO  : BSP Project P/device_tree_bsp_0 has been successfully migrated.
10:52:12 ERROR : Unexpected error while parsing XMD response ?: com.google.gson.JsonSyntaxException: com.google.gson.stream.MalformedJsonException: invalid number or unquoted string near 
10:54:01 INFO  : Launching XSDB server: xsdb.bat -s C:/Xilinx/SDK/2014.4/scripts/xsdb/xsdb/xsdb-server.tcl 2450
10:54:12 INFO  : Restoring global repository preferences: 
		 C:\Xilinx\SDK\2014.4\repo\device-tree-xlnx-master
10:54:16 WARN  :  ps7_ethernet_0: No reset found
 ps7_usb_1: No reset found
10:54:16 INFO  : BSP Project P/device_tree_bsp_0 has been successfully migrated.
08:31:43 ERROR : Unexpected error while parsing XMD response ?: com.google.gson.JsonSyntaxException: com.google.gson.stream.MalformedJsonException: invalid number or unquoted string near 
09:02:56 INFO  : Launching XSDB server: xsdb.bat -s C:/Xilinx/SDK/2014.4/scripts/xsdb/xsdb/xsdb-server.tcl 2450
09:03:07 INFO  : Restoring global repository preferences: 
		 C:\Xilinx\SDK\2014.4\repo\device-tree-xlnx-master
09:03:11 WARN  :  ps7_ethernet_0: No reset found
 ps7_usb_1: No reset found
09:03:11 INFO  : BSP Project P/device_tree_bsp_0 has been successfully migrated.
16:02:24 ERROR : Unexpected error while parsing XMD response ?: com.google.gson.JsonSyntaxException: com.google.gson.stream.MalformedJsonException: invalid number or unquoted string near 
16:20:56 INFO  : Launching XSDB server: xsdb.bat -s C:/Xilinx/SDK/2014.4/scripts/xsdb/xsdb/xsdb-server.tcl 2450
16:20:58 INFO  : Processing command line option -hwspec C:/Users/cag01/Documents/mdh/vhdl/gimme2a/image_dump_full/image_dump_full.sdk/design_1_wrapper.hdf.
16:21:05 INFO  : Restoring global repository preferences: 
		 C:\Xilinx\SDK\2014.4\repo\device-tree-xlnx-master
16:21:10 WARN  :  ps7_ethernet_0: No reset found
 ps7_usb_1: No reset found
16:21:10 INFO  : BSP Project P/device_tree_bsp_0 has been successfully migrated.
11:22:44 ERROR : Unexpected error while parsing XMD response ?: com.google.gson.JsonSyntaxException: com.google.gson.stream.MalformedJsonException: invalid number or unquoted string near 
09:09:27 INFO  : Launching XSDB server: xsdb.bat -s C:/Xilinx/SDK/2014.4/scripts/xsdb/xsdb/xsdb-server.tcl 2450
09:09:38 INFO  : Restoring global repository preferences: 
		 C:\Xilinx\SDK\2014.4\repo\device-tree-xlnx-master
09:09:42 WARN  :  ps7_ethernet_0: No reset found
 ps7_usb_1: No reset found
09:09:42 INFO  : BSP Project P/device_tree_bsp_0 has been successfully migrated.
09:10:38 ERROR : Unexpected error while parsing XMD response ?: com.google.gson.JsonSyntaxException: com.google.gson.stream.MalformedJsonException: invalid number or unquoted string near 
11:59:13 INFO  : Launching XSDB server: xsdb.bat -s C:/Xilinx/SDK/2014.4/scripts/xsdb/xsdb/xsdb-server.tcl 2450
11:59:22 INFO  : Restoring global repository preferences: 
		 C:\Xilinx\SDK\2014.4\repo\device-tree-xlnx-master
11:59:26 WARN  :  ps7_ethernet_0: No reset found
 ps7_usb_1: No reset found
11:59:26 INFO  : BSP Project P/device_tree_bsp_0 has been successfully migrated.
16:58:14 ERROR : Unexpected error while fetching XMD's response: 
java.net.SocketException: Connection reset
	at java.net.SocketInputStream.read(Unknown Source)
	at java.net.SocketInputStream.read(Unknown Source)
	at sun.nio.cs.StreamDecoder.readBytes(Unknown Source)
	at sun.nio.cs.StreamDecoder.implRead(Unknown Source)
	at sun.nio.cs.StreamDecoder.read(Unknown Source)
	at java.io.InputStreamReader.read(Unknown Source)
	at java.io.BufferedReader.fill(Unknown Source)
	at java.io.BufferedReader.read(Unknown Source)
	at com.xilinx.sdk.targetmanager.internal.json.XMDJSONProcess$CommandResultsReader.run(XMDJSONProcess.java:332)
	at java.lang.Thread.run(Unknown Source)
16:58:14 ERROR : Zero sized response read from XMD. This indicates a communication error or a programming error.
12:56:30 INFO  : Launching XSDB server: xsdb.bat -s C:/Xilinx/SDK/2014.4/scripts/xsdb/xsdb/xsdb-server.tcl 2450
12:56:32 INFO  : Processing command line option -hwspec C:/Users/cag01/Documents/mdh/vhdl/gimme2a/image_dump_full/image_dump_full.sdk/design_1_wrapper.hdf.
12:56:33 INFO  : Checking for hwspec changes in the project design_1_wrapper_hw_platform_0.
12:56:38 INFO  : Restoring global repository preferences: 
		 C:\Xilinx\SDK\2014.4\repo\device-tree-xlnx-master
12:56:43 WARN  :  ps7_ethernet_0: No reset found
 ps7_usb_1: No reset found
12:56:43 INFO  : BSP Project P/device_tree_bsp_0 has been successfully migrated.
11:38:29 ERROR : Unexpected error while parsing XMD response ?: com.google.gson.JsonSyntaxException: com.google.gson.stream.MalformedJsonException: invalid number or unquoted string near 
12:30:57 INFO  : Launching XSDB server: xsdb.bat -s C:/Xilinx/SDK/2014.4/scripts/xsdb/xsdb/xsdb-server.tcl 2450
12:31:09 INFO  : Restoring global repository preferences: 
		 C:\Xilinx\SDK\2014.4\repo\device-tree-xlnx-master
12:31:13 WARN  :  ps7_ethernet_0: No reset found
 ps7_usb_1: No reset found
12:31:13 INFO  : BSP Project P/device_tree_bsp_0 has been successfully migrated.
14:54:27 ERROR : Unexpected error while parsing XMD response ?: com.google.gson.JsonSyntaxException: com.google.gson.stream.MalformedJsonException: invalid number or unquoted string near 
10:02:16 INFO  : Launching XSDB server: xsdb.bat -s C:/Xilinx/SDK/2014.4/scripts/xsdb/xsdb/xsdb-server.tcl 2450
10:02:27 INFO  : Restoring global repository preferences: 
		 C:\Xilinx\SDK\2014.4\repo\device-tree-xlnx-master
10:02:31 WARN  :  ps7_ethernet_0: No reset found
 ps7_usb_1: No reset found
10:02:31 INFO  : BSP Project P/device_tree_bsp_0 has been successfully migrated.
15:56:10 ERROR : Unexpected error while parsing XMD response ?: com.google.gson.JsonSyntaxException: com.google.gson.stream.MalformedJsonException: invalid number or unquoted string near 
14:07:24 INFO  : Launching XSDB server: xsdb.bat -s C:/Xilinx/SDK/2014.4/scripts/xsdb/xsdb/xsdb-server.tcl 2450
14:07:32 INFO  : SDK has detected change in the last modified timestamps for source hardware specification file Source:1480949995632,  Project:1473157430425
14:07:32 INFO  : Project design_1_wrapper_hw_platform_0's source hardware specification located at C:/Users/cag01/Documents/mdh/vhdl/gimme2a/image_dump_full/image_dump_full.sdk/design_1_wrapper.hdf is now different from the local copy.
		 The local copy will be replaced with the source specification and your workspace will be updated.
14:07:33 INFO  : Restoring global repository preferences: 
		 C:\Xilinx\SDK\2014.4\repo\device-tree-xlnx-master
14:07:38 WARN  :  ps7_ethernet_0: No reset found
 ps7_usb_1: No reset found
14:07:38 INFO  : BSP Project P/device_tree_bsp_0 has been successfully migrated.
14:07:40 INFO  : Copied contents of C:/Users/cag01/Documents/mdh/vhdl/gimme2a/image_dump_full/image_dump_full.sdk/design_1_wrapper.hdf into \design_1_wrapper_hw_platform_0\system.hdf.
14:07:41 INFO  : Synchronizing projects in the workspace with the hardware platform specification changes.
14:07:41 INFO  : Clearing existing target manager status.
14:07:41 INFO  : Workspace synchronized with the new hardware specification file. Cleaning dependent projects...
15:10:30 ERROR : Unexpected error while parsing XMD response ?: com.google.gson.JsonSyntaxException: com.google.gson.stream.MalformedJsonException: invalid number or unquoted string near 
09:22:45 INFO  : Launching XSDB server: xsdb.bat -s C:/Xilinx/SDK/2014.4/scripts/xsdb/xsdb/xsdb-server.tcl 2450
09:22:57 INFO  : Restoring global repository preferences: 
		 C:\Xilinx\SDK\2014.4\repo\device-tree-xlnx-master
09:23:02 WARN  :  ps7_ethernet_0: No reset found
 ps7_usb_1: No reset found
09:23:02 INFO  : BSP Project P/device_tree_bsp_0 has been successfully migrated.
11:34:06 INFO  : SDK has detected change in the last modified timestamps for source hardware specification file Source:1481625230896,  Project:1480949995632
11:34:06 INFO  : Project design_1_wrapper_hw_platform_0's source hardware specification located at C:/Users/cag01/Documents/mdh/vhdl/gimme2a/image_dump_full/image_dump_full.sdk/design_1_wrapper.hdf is now different from the local copy.
		 The local copy will be replaced with the source specification and your workspace will be updated.
11:34:19 INFO  : Copied contents of C:/Users/cag01/Documents/mdh/vhdl/gimme2a/image_dump_full/image_dump_full.sdk/design_1_wrapper.hdf into \design_1_wrapper_hw_platform_0\system.hdf.
11:34:19 INFO  : Synchronizing projects in the workspace with the hardware platform specification changes.
11:34:19 INFO  : Clearing existing target manager status.
11:34:19 INFO  : Workspace synchronized with the new hardware specification file. Cleaning dependent projects...
11:34:32 ERROR : Unexpected error while parsing XMD response ?: com.google.gson.JsonSyntaxException: com.google.gson.stream.MalformedJsonException: invalid number or unquoted string near 
12:32:20 INFO  : Launching XSDB server: xsdb.bat -s C:/Xilinx/SDK/2014.4/scripts/xsdb/xsdb/xsdb-server.tcl 2450
12:32:30 INFO  : Restoring global repository preferences: 
		 C:\Xilinx\SDK\2014.4\repo\device-tree-xlnx-master
12:32:35 WARN  :  ps7_ethernet_0: No reset found
 ps7_usb_1: No reset found
12:32:35 INFO  : BSP Project P/device_tree_bsp_0 has been successfully migrated.
08:34:43 ERROR : Unexpected error while parsing XMD response ?: com.google.gson.JsonSyntaxException: com.google.gson.stream.MalformedJsonException: invalid number or unquoted string near 
11:15:35 INFO  : Launching XSDB server: xsdb.bat -s C:/Xilinx/SDK/2014.4/scripts/xsdb/xsdb/xsdb-server.tcl 2450
11:15:47 INFO  : Restoring global repository preferences: 
		 C:\Xilinx\SDK\2014.4\repo\device-tree-xlnx-master
11:15:52 WARN  :  ps7_ethernet_0: No reset found
 ps7_usb_1: No reset found
11:15:52 INFO  : BSP Project P/device_tree_bsp_0 has been successfully migrated.
09:47:22 ERROR : Unexpected error while parsing XMD response ?: com.google.gson.JsonSyntaxException: com.google.gson.stream.MalformedJsonException: invalid number or unquoted string near 
11:26:01 INFO  : Launching XSDB server: xsdb.bat -s C:/Xilinx/SDK/2014.4/scripts/xsdb/xsdb/xsdb-server.tcl 2450
11:26:11 INFO  : Restoring global repository preferences: 
		 C:\Xilinx\SDK\2014.4\repo\device-tree-xlnx-master
11:26:16 WARN  :  ps7_ethernet_0: No reset found
 ps7_usb_1: No reset found
11:26:16 INFO  : BSP Project P/device_tree_bsp_0 has been successfully migrated.
12:39:11 INFO  : SDK has detected change in the last modified timestamps for source hardware specification file Source:1481888337664,  Project:1481625230896
12:39:11 INFO  : Project design_1_wrapper_hw_platform_0's source hardware specification located at C:/Users/cag01/Documents/mdh/vhdl/gimme2a/image_dump_full/image_dump_full.sdk/design_1_wrapper.hdf is now different from the local copy.
		 The local copy will be replaced with the source specification and your workspace will be updated.
12:39:44 INFO  : Copied contents of C:/Users/cag01/Documents/mdh/vhdl/gimme2a/image_dump_full/image_dump_full.sdk/design_1_wrapper.hdf into \design_1_wrapper_hw_platform_0\system.hdf.
12:39:45 INFO  : Synchronizing projects in the workspace with the hardware platform specification changes.
12:39:45 INFO  : Clearing existing target manager status.
12:39:45 INFO  : Workspace synchronized with the new hardware specification file. Cleaning dependent projects...
12:47:01 ERROR : Unexpected error while parsing XMD response ?: com.google.gson.JsonSyntaxException: com.google.gson.stream.MalformedJsonException: invalid number or unquoted string near 
12:47:29 INFO  : Launching XSDB server: xsdb.bat -s C:/Xilinx/SDK/2014.4/scripts/xsdb/xsdb/xsdb-server.tcl 2450
12:47:38 INFO  : Restoring global repository preferences: 
		 C:\Xilinx\SDK\2014.4\repo\device-tree-xlnx-master
12:47:43 WARN  :  ps7_ethernet_0: No reset found
 ps7_usb_1: No reset found
12:47:43 INFO  : BSP Project P/device_tree_bsp_0 has been successfully migrated.
12:48:03 ERROR : Unexpected error while parsing XMD response ?: com.google.gson.JsonSyntaxException: com.google.gson.stream.MalformedJsonException: invalid number or unquoted string near 
08:49:45 INFO  : Launching XSDB server: xsdb.bat -s C:/Xilinx/SDK/2014.4/scripts/xsdb/xsdb/xsdb-server.tcl 2450
08:49:54 INFO  : Restoring global repository preferences: 
		 C:\Xilinx\SDK\2014.4\repo\device-tree-xlnx-master
08:49:58 WARN  :  ps7_ethernet_0: No reset found
 ps7_usb_1: No reset found
08:49:58 INFO  : BSP Project P/device_tree_bsp_0 has been successfully migrated.
08:37:19 ERROR : Unexpected error while parsing XMD response ?: com.google.gson.JsonSyntaxException: com.google.gson.stream.MalformedJsonException: invalid number or unquoted string near 
10:25:29 INFO  : Launching XSDB server: xsdb.bat -s C:/Xilinx/SDK/2014.4/scripts/xsdb/xsdb/xsdb-server.tcl 2450
10:25:40 INFO  : Restoring global repository preferences: 
		 C:\Xilinx\SDK\2014.4\repo\device-tree-xlnx-master
10:25:45 WARN  :  ps7_ethernet_0: No reset found
 ps7_usb_1: No reset found
10:25:45 INFO  : BSP Project P/device_tree_bsp_0 has been successfully migrated.
09:35:47 ERROR : Unexpected error while parsing XMD response ?: com.google.gson.JsonSyntaxException: com.google.gson.stream.MalformedJsonException: invalid number or unquoted string near 
16:18:26 INFO  : Launching XSDB server: xsdb.bat -s C:/Xilinx/SDK/2014.4/scripts/xsdb/xsdb/xsdb-server.tcl 2450
16:18:36 INFO  : Restoring global repository preferences: 
		 C:\Xilinx\SDK\2014.4\repo\device-tree-xlnx-master
16:18:40 WARN  :  ps7_ethernet_0: No reset found
 ps7_usb_1: No reset found
16:18:40 INFO  : BSP Project P/device_tree_bsp_0 has been successfully migrated.
15:34:00 INFO  : Invoking Bootgen: bootgen -image output_SWARMs.bif -o C:\Users\cag01\Documents\mdh\vhdl\gimme2a\SWARMs\BOOT.bin
15:34:01 INFO  : Bootgen command execution is done.
15:49:34 INFO  : FPGA Cable Disconnected. All active launches will be terminated.
20:24:28 INFO  : FPGA Cable Disconnected. All active launches will be terminated.
20:37:38 INFO  : FPGA Cable Disconnected. All active launches will be terminated.
08:41:05 INFO  : FPGA Cable Disconnected. All active launches will be terminated.
09:41:48 ERROR : Unexpected error while fetching XMD's response: 
java.net.SocketException: Connection reset
	at java.net.SocketInputStream.read(Unknown Source)
	at java.net.SocketInputStream.read(Unknown Source)
	at sun.nio.cs.StreamDecoder.readBytes(Unknown Source)
	at sun.nio.cs.StreamDecoder.implRead(Unknown Source)
	at sun.nio.cs.StreamDecoder.read(Unknown Source)
	at java.io.InputStreamReader.read(Unknown Source)
	at java.io.BufferedReader.fill(Unknown Source)
	at java.io.BufferedReader.read(Unknown Source)
	at com.xilinx.sdk.targetmanager.internal.json.XMDJSONProcess$CommandResultsReader.run(XMDJSONProcess.java:332)
	at java.lang.Thread.run(Unknown Source)
09:41:48 ERROR : Zero sized response read from XMD. This indicates a communication error or a programming error.
15:14:41 INFO  : Launching XSDB server: xsdb.bat -s C:/Xilinx/SDK/2014.4/scripts/xsdb/xsdb/xsdb-server.tcl 2450
15:14:52 INFO  : Restoring global repository preferences: 
		 C:\Xilinx\SDK\2014.4\repo\device-tree-xlnx-master
15:14:57 WARN  :  ps7_ethernet_0: No reset found
 ps7_usb_1: No reset found
15:14:57 INFO  : BSP Project P/device_tree_bsp_0 has been successfully migrated.
15:15:34 INFO  : Invoking Bootgen: bootgen -image output_SWARMs.bif -o C:\Users\cag01\Documents\mdh\vhdl\gimme2a\SWARMs\BOOT.bin -w on
15:15:35 INFO  : Bootgen command execution is done.
15:25:32 INFO  : FPGA Cable Disconnected. All active launches will be terminated.
22:37:17 ERROR : Unexpected error while parsing XMD response ?: com.google.gson.JsonSyntaxException: com.google.gson.stream.MalformedJsonException: invalid number or unquoted string near 
17:48:49 INFO  : Launching XSDB server: xsdb.bat -s C:/Xilinx/SDK/2014.4/scripts/xsdb/xsdb/xsdb-server.tcl 2450
17:48:59 INFO  : Restoring global repository preferences: 
		 C:\Xilinx\SDK\2014.4\repo\device-tree-xlnx-master
17:49:03 WARN  :  ps7_ethernet_0: No reset found
 ps7_usb_1: No reset found
17:49:03 INFO  : BSP Project P/device_tree_bsp_0 has been successfully migrated.
08:57:23 INFO  : Invoking Bootgen: bootgen -image output_SWARMs.bif -o C:\Users\cag01\Documents\mdh\vhdl\gimme2a\SWARMs\BOOT.bin -w on
08:57:24 INFO  : Bootgen command execution is done.
09:12:55 INFO  : FPGA Cable Disconnected. All active launches will be terminated.
10:07:43 INFO  : FPGA Cable Disconnected. All active launches will be terminated.
10:58:42 ERROR : Unexpected error while parsing XMD response ?: com.google.gson.JsonSyntaxException: com.google.gson.stream.MalformedJsonException: invalid number or unquoted string near 
10:45:19 INFO  : Launching XSDB server: xsdb.bat -s C:/Xilinx/SDK/2014.4/scripts/xsdb/xsdb/xsdb-server.tcl 2450
10:45:30 INFO  : Restoring global repository preferences: 
		 C:\Xilinx\SDK\2014.4\repo\device-tree-xlnx-master
10:45:34 WARN  :  ps7_ethernet_0: No reset found
 ps7_usb_1: No reset found
10:45:34 INFO  : BSP Project P/device_tree_bsp_0 has been successfully migrated.
14:26:34 ERROR : Unexpected error while parsing XMD response ?: com.google.gson.JsonSyntaxException: com.google.gson.stream.MalformedJsonException: invalid number or unquoted string near 
09:45:57 INFO  : Launching XSDB server: xsdb.bat -s C:/Xilinx/SDK/2014.4/scripts/xsdb/xsdb/xsdb-server.tcl 2450
09:46:08 INFO  : Restoring global repository preferences: 
		 C:\Xilinx\SDK\2014.4\repo\device-tree-xlnx-master
09:46:13 WARN  :  ps7_ethernet_0: No reset found
 ps7_usb_1: No reset found
09:46:13 INFO  : BSP Project P/device_tree_bsp_0 has been successfully migrated.
21:07:07 ERROR : Unexpected error while parsing XMD response ?: com.google.gson.JsonSyntaxException: com.google.gson.stream.MalformedJsonException: invalid number or unquoted string near 
11:43:25 INFO  : Launching XSDB server: xsdb.bat -s C:/Xilinx/SDK/2014.4/scripts/xsdb/xsdb/xsdb-server.tcl 2450
11:43:34 INFO  : Restoring global repository preferences: 
		 C:\Xilinx\SDK\2014.4\repo\device-tree-xlnx-master
11:43:38 WARN  :  ps7_ethernet_0: No reset found
 ps7_usb_1: No reset found
11:43:38 INFO  : BSP Project P/device_tree_bsp_0 has been successfully migrated.
09:32:13 ERROR : Unexpected error while parsing XMD response ?: com.google.gson.JsonSyntaxException: com.google.gson.stream.MalformedJsonException: invalid number or unquoted string near 
12:08:24 INFO  : Launching XSDB server: xsdb.bat -s C:/Xilinx/SDK/2014.4/scripts/xsdb/xsdb/xsdb-server.tcl 2450
12:08:35 INFO  : Restoring global repository preferences: 
		 C:\Xilinx\SDK\2014.4\repo\device-tree-xlnx-master
12:08:39 WARN  :  ps7_ethernet_0: No reset found
 ps7_usb_1: No reset found
12:08:39 INFO  : BSP Project P/device_tree_bsp_0 has been successfully migrated.
