12:15:07 **** Auto Build of configuration Debug for project axi_peripheral ****
make all 
'Building file: C:/Users/cag01/Documents/mdh/vhdl/gimme2a/sdk_2014.2/src/vasa_udp_client.c'
'Invoking: ARM Linux gcc compiler'
arm-xilinx-linux-gnueabi-gcc -Wall -O0 -g3 -I"C:\Users\cag01\Documents\mdh\vhdl\gimme2a\sdk_2014.2\src" -c -fmessage-length=0 -MT"src_shared/vasa_udp_client.o" -MMD -MP -MF"src_shared/vasa_udp_client.d" -MT"src_shared/vasa_udp_client.d" -o "src_shared/vasa_udp_client.o" "C:/Users/cag01/Documents/mdh/vhdl/gimme2a/sdk_2014.2/src/vasa_udp_client.c"
'Finished building: C:/Users/cag01/Documents/mdh/vhdl/gimme2a/sdk_2014.2/src/vasa_udp_client.c'
' '
'Building file: ../src/axi_peripheral.c'
'Invoking: ARM Linux gcc compiler'
arm-xilinx-linux-gnueabi-gcc -Wall -O0 -g3 -I"C:\Users\cag01\Documents\mdh\vhdl\gimme2a\sdk_2014.2\src" -c -fmessage-length=0 -MT"src/axi_peripheral.o" -MMD -MP -MF"src/axi_peripheral.d" -MT"src/axi_peripheral.d" -o "src/axi_peripheral.o" "../src/axi_peripheral.c"
../src/axi_peripheral.c: In function 'main':
../src/axi_peripheral.c:93:2: error: too few arguments to function 'expreg_set_th'
  expreg_set_th(exp_th);
  ^
In file included from ../src/axi_peripheral.c:34:0:
C:\Users\cag01\Documents\mdh\vhdl\gimme2a\sdk_2014.2\src/exposure_reg.h:24:5: note: declared here
 int expreg_set_th(uint8_t th, uint32_t base_addr, uint32_t high_addr);
     ^
../src/axi_peripheral.c:130:4: error: too few arguments to function 'coldisc_th_write'
    coldisc_th_write(&coldisc_th);
    ^
In file included from ../src/axi_peripheral.c:33:0:
C:\Users\cag01\Documents\mdh\vhdl\gimme2a\sdk_2014.2\src/col_disc.h:43:5: note: declared here
 int coldisc_th_write(coldisc_th_t *th, uint32_t base_addr, uint32_t high_addr);
     ^
../src/axi_peripheral.c:162:2: error: too few arguments to function 'InitFB'
  InitFB(FB0_ADDR); //write DEADBEEFs
  ^
In file included from ../src/axi_peripheral.c:28:0:
C:\Users\cag01\Documents\mdh\vhdl\gimme2a\sdk_2014.2\src/VDMA.h:30:6: note: declared here
 void InitFB(off_t FB_addr, uint16_t width, uint16_t height, uint16_t bpp);
      ^
../src/axi_peripheral.c:163:2: error: too few arguments to function 'InitFB'
  InitFB(FB1_ADDR);
  ^
In file included from ../src/axi_peripheral.c:28:0:
C:\Users\cag01\Documents\mdh\vhdl\gimme2a\sdk_2014.2\src/VDMA.h:30:6: note: declared here
 void InitFB(off_t FB_addr, uint16_t width, uint16_t height, uint16_t bpp);
      ^
../src/axi_peripheral.c:164:2: error: too few arguments to function 'InitFB'
  InitFB(FB2_ADDR);
  ^
In file included from ../src/axi_peripheral.c:28:0:
C:\Users\cag01\Documents\mdh\vhdl\gimme2a\sdk_2014.2\src/VDMA.h:30:6: note: declared here
 void InitFB(off_t FB_addr, uint16_t width, uint16_t height, uint16_t bpp);
      ^
../src/axi_peripheral.c:167:2: warning: large integer implicitly truncated to unsigned type [-Woverflow]
  SetupVDMAs2mm(vdma_addr,FB0_ADDR,FB1_ADDR,FB2_ADDR);
  ^
../src/axi_peripheral.c:167:2: warning: large integer implicitly truncated to unsigned type [-Woverflow]
../src/axi_peripheral.c:167:2: warning: large integer implicitly truncated to unsigned type [-Woverflow]
../src/axi_peripheral.c:167:2: error: too few arguments to function 'SetupVDMAs2mm'
In file included from ../src/axi_peripheral.c:28:0:
C:\Users\cag01\Documents\mdh\vhdl\gimme2a\sdk_2014.2\src/VDMA.h:45:6: note: declared here
 void SetupVDMAs2mm(uint32_t BaseAddress, uint16_t width, uint16_t height, uint16_t bpp, uint32_t frameAddress1, uint32_t frameAddress2, uint32_t frameAddress3);
      ^
../src/axi_peripheral.c:188:4: error: too few arguments to function 'expreg_read'
    expreg_read(&exp_pos, &exp_neg);
    ^
In file included from ../src/axi_peripheral.c:34:0:
C:\Users\cag01\Documents\mdh\vhdl\gimme2a\sdk_2014.2\src/exposure_reg.h:25:5: note: declared here
 int expreg_read(uint32_t *pos, uint32_t *neg, uint32_t base_addr, uint32_t high_addr);
     ^
../src/axi_peripheral.c:196:4: error: too many arguments to function 'set_integration_time'
    set_integration_time(&it,&pin_data,&pin_dir, SIOD_0, SIOC_0, SIOD_1, SIOC_1);
    ^
In file included from ../src/axi_peripheral.c:29:0:
C:\Users\cag01\Documents\mdh\vhdl\gimme2a\sdk_2014.2\src/axi_gpio.h:102:6: note: declared here
 void set_integration_time(integration_times_t *it, uint32_t *pin_data, uint32_t *pin_dir, uint32_t siod, uint32_t sioc);
      ^
../src/axi_peripheral.c:203:3: warning: passing argument 1 of 'SendImage_mem' from incompatible pointer type [enabled by default]
   SendImage_mem(im.data,id);
   ^
In file included from ../src/axi_peripheral.c:28:0:
C:\Users\cag01\Documents\mdh\vhdl\gimme2a\sdk_2014.2\src/VDMA.h:33:5: note: expected 'struct image_t *' but argument is of type 'char *'
 int SendImage_mem(image_t* img, char id);
     ^
../src/axi_peripheral.c:88:15: warning: unused variable 'coldisc_th2' [-Wunused-variable]
  coldisc_th_t coldisc_th2;
               ^
make: *** [src/axi_peripheral.o] Fel 1

12:15:08 Build Finished (took 529ms)

