Determining if the pthread_create exist failed with the following output:
Change Dir: /home/naiad/catkin_ws/build/CMakeFiles/CMakeTmp

Run Build Command:"/usr/bin/make" "cmTC_f3a17/fast"
/usr/bin/make -f CMakeFiles/cmTC_f3a17.dir/build.make CMakeFiles/cmTC_f3a17.dir/build
make[1]: Entering directory '/home/naiad/catkin_ws/build/CMakeFiles/CMakeTmp'
Building C object CMakeFiles/cmTC_f3a17.dir/CheckSymbolExists.c.o
/usr/bin/cc     -o CMakeFiles/cmTC_f3a17.dir/CheckSymbolExists.c.o   -c /home/naiad/catkin_ws/build/CMakeFiles/CMakeTmp/CheckSymbolExists.c
Linking C executable cmTC_f3a17
/usr/bin/cmake -E cmake_link_script CMakeFiles/cmTC_f3a17.dir/link.txt --verbose=1
/usr/bin/cc       CMakeFiles/cmTC_f3a17.dir/CheckSymbolExists.c.o  -o cmTC_f3a17 -rdynamic 
CMakeFiles/cmTC_f3a17.dir/CheckSymbolExists.c.o: In function `main':
CheckSymbolExists.c:(.text+0xe): undefined reference to `pthread_create'
CheckSymbolExists.c:(.text+0x12): undefined reference to `pthread_create'
collect2: error: ld returned 1 exit status
CMakeFiles/cmTC_f3a17.dir/build.make:97: recipe for target 'cmTC_f3a17' failed
make[1]: *** [cmTC_f3a17] Error 1
make[1]: Leaving directory '/home/naiad/catkin_ws/build/CMakeFiles/CMakeTmp'
Makefile:126: recipe for target 'cmTC_f3a17/fast' failed
make: *** [cmTC_f3a17/fast] Error 2

File /home/naiad/catkin_ws/build/CMakeFiles/CMakeTmp/CheckSymbolExists.c:
/* */
#include <pthread.h>

int main(int argc, char** argv)
{
  (void)argv;
#ifndef pthread_create
  return ((int*)(&pthread_create))[argc];
#else
  (void)argc;
  return 0;
#endif
}

Determining if the function pthread_create exists in the pthreads failed with the following output:
Change Dir: /home/naiad/catkin_ws/build/CMakeFiles/CMakeTmp

Run Build Command:"/usr/bin/make" "cmTC_ad5d0/fast"
/usr/bin/make -f CMakeFiles/cmTC_ad5d0.dir/build.make CMakeFiles/cmTC_ad5d0.dir/build
make[1]: Entering directory '/home/naiad/catkin_ws/build/CMakeFiles/CMakeTmp'
Building C object CMakeFiles/cmTC_ad5d0.dir/CheckFunctionExists.c.o
/usr/bin/cc    -DCHECK_FUNCTION_EXISTS=pthread_create   -o CMakeFiles/cmTC_ad5d0.dir/CheckFunctionExists.c.o   -c /usr/share/cmake-3.5/Modules/CheckFunctionExists.c
Linking C executable cmTC_ad5d0
/usr/bin/cmake -E cmake_link_script CMakeFiles/cmTC_ad5d0.dir/link.txt --verbose=1
/usr/bin/cc   -DCHECK_FUNCTION_EXISTS=pthread_create    CMakeFiles/cmTC_ad5d0.dir/CheckFunctionExists.c.o  -o cmTC_ad5d0 -rdynamic -lpthreads 
/usr/bin/ld: cannot find -lpthreads
collect2: error: ld returned 1 exit status
CMakeFiles/cmTC_ad5d0.dir/build.make:97: recipe for target 'cmTC_ad5d0' failed
make[1]: *** [cmTC_ad5d0] Error 1
make[1]: Leaving directory '/home/naiad/catkin_ws/build/CMakeFiles/CMakeTmp'
Makefile:126: recipe for target 'cmTC_ad5d0/fast' failed
make: *** [cmTC_ad5d0/fast] Error 2


